<?xml version="1.0" encoding="UTF-8"?>
<testsuite name="PatientNoteControllerTests" tests="6" skipped="0" failures="0" errors="0" timestamp="2021-06-29T16:23:26" hostname="DESKTOP-NQCJ011" time="0.534">
  <properties/>
  <testcase name="getPatientNoteByUuidTest()" classname="PatientNoteControllerTests" time="0.302"/>
  <testcase name="getAllPatientNotesTest()" classname="PatientNoteControllerTests" time="0.015"/>
  <testcase name="getPatientNoteByUuidThrownNotFoundExceptionTest()" classname="PatientNoteControllerTests" time="0.022"/>
  <testcase name="editPatientNoteThrownNotFoundExceptionTest()" classname="PatientNoteControllerTests" time="0.146"/>
  <testcase name="addPatientNoteTest()" classname="PatientNoteControllerTests" time="0.023"/>
  <testcase name="editPatientNoteTest()" classname="PatientNoteControllerTests" time="0.014"/>
  <system-out><![CDATA[18:23:20.952 [Test worker] DEBUG org.springframework.test.context.BootstrapUtils - Instantiating CacheAwareContextLoaderDelegate from class [org.springframework.test.context.cache.DefaultCacheAwareContextLoaderDelegate]
18:23:20.984 [Test worker] DEBUG org.springframework.test.context.BootstrapUtils - Instantiating BootstrapContext using constructor [public org.springframework.test.context.support.DefaultBootstrapContext(java.lang.Class,org.springframework.test.context.CacheAwareContextLoaderDelegate)]
18:23:21.058 [Test worker] DEBUG org.springframework.test.context.BootstrapUtils - Instantiating TestContextBootstrapper for test class [PatientNoteControllerTests] from class [org.springframework.boot.test.autoconfigure.web.servlet.WebMvcTestContextBootstrapper]
18:23:21.100 [Test worker] DEBUG org.springframework.test.context.support.AbstractContextLoader - Did not detect default resource location for test class [PatientNoteControllerTests]: class path resource [PatientNoteControllerTests-context.xml] does not exist
18:23:21.101 [Test worker] DEBUG org.springframework.test.context.support.AbstractContextLoader - Did not detect default resource location for test class [PatientNoteControllerTests]: class path resource [PatientNoteControllerTestsContext.groovy] does not exist
18:23:21.101 [Test worker] INFO org.springframework.test.context.support.AbstractContextLoader - Could not detect default resource locations for test class [PatientNoteControllerTests]: no resource found for suffixes {-context.xml, Context.groovy}.
18:23:21.246 [Test worker] DEBUG org.springframework.test.context.support.ActiveProfilesUtils - Could not find an 'annotation declaring class' for annotation type [org.springframework.test.context.ActiveProfiles] and class [PatientNoteControllerTests]
18:23:21.274 [Test worker] DEBUG org.springframework.boot.test.autoconfigure.web.servlet.WebMvcTestContextBootstrapper - @TestExecutionListeners is not present for class [PatientNoteControllerTests]: using defaults.
18:23:21.276 [Test worker] INFO org.springframework.boot.test.autoconfigure.web.servlet.WebMvcTestContextBootstrapper - Loaded default TestExecutionListener class names from location [META-INF/spring.factories]: [org.springframework.boot.test.autoconfigure.restdocs.RestDocsTestExecutionListener, org.springframework.boot.test.autoconfigure.web.client.MockRestServiceServerResetTestExecutionListener, org.springframework.boot.test.autoconfigure.web.servlet.MockMvcPrintOnlyOnFailureTestExecutionListener, org.springframework.boot.test.autoconfigure.web.servlet.WebDriverTestExecutionListener, org.springframework.boot.test.autoconfigure.webservices.client.MockWebServiceServerTestExecutionListener, org.springframework.boot.test.mock.mockito.MockitoTestExecutionListener, org.springframework.boot.test.mock.mockito.ResetMocksTestExecutionListener, org.springframework.test.context.web.ServletTestExecutionListener, org.springframework.test.context.support.DirtiesContextBeforeModesTestExecutionListener, org.springframework.test.context.event.ApplicationEventsTestExecutionListener, org.springframework.test.context.support.DependencyInjectionTestExecutionListener, org.springframework.test.context.support.DirtiesContextTestExecutionListener, org.springframework.test.context.transaction.TransactionalTestExecutionListener, org.springframework.test.context.jdbc.SqlScriptsTestExecutionListener, org.springframework.test.context.event.EventPublishingTestExecutionListener]
18:23:21.311 [Test worker] INFO org.springframework.boot.test.autoconfigure.web.servlet.WebMvcTestContextBootstrapper - Using TestExecutionListeners: [org.springframework.test.context.web.ServletTestExecutionListener@2c0c7506, org.springframework.test.context.support.DirtiesContextBeforeModesTestExecutionListener@1714f40e, org.springframework.test.context.event.ApplicationEventsTestExecutionListener@38f78ed5, org.springframework.boot.test.mock.mockito.MockitoTestExecutionListener@576d6dd, org.springframework.boot.test.autoconfigure.SpringBootDependencyInjectionTestExecutionListener@4a1d3730, org.springframework.test.context.support.DirtiesContextTestExecutionListener@7a991ef9, org.springframework.test.context.transaction.TransactionalTestExecutionListener@7e1ca659, org.springframework.test.context.jdbc.SqlScriptsTestExecutionListener@4d6f4779, org.springframework.test.context.event.EventPublishingTestExecutionListener@6ee85d53, org.springframework.boot.test.autoconfigure.restdocs.RestDocsTestExecutionListener@5cb4e8a1, org.springframework.boot.test.autoconfigure.web.client.MockRestServiceServerResetTestExecutionListener@4781a300, org.springframework.boot.test.autoconfigure.web.servlet.MockMvcPrintOnlyOnFailureTestExecutionListener@70e27006, org.springframework.boot.test.autoconfigure.web.servlet.WebDriverTestExecutionListener@5cccb98c, org.springframework.boot.test.autoconfigure.webservices.client.MockWebServiceServerTestExecutionListener@27c6a354, org.springframework.boot.test.mock.mockito.ResetMocksTestExecutionListener@6d158d0f]
18:23:21.320 [Test worker] DEBUG org.springframework.test.context.support.AbstractDirtiesContextTestExecutionListener - Before test class: context [DefaultTestContext@7aed81d7 testClass = PatientNoteControllerTests, testInstance = [null], testMethod = [null], testException = [null], mergedContextConfiguration = [WebMergedContextConfiguration@527c28bc testClass = PatientNoteControllerTests, locations = '{}', classes = '{class com.abernathyclinic.mediscreennotes.MediscreenNotes}', contextInitializerClasses = '[]', activeProfiles = '{}', propertySourceLocations = '{}', propertySourceProperties = '{org.springframework.boot.test.autoconfigure.web.servlet.WebMvcTestContextBootstrapper=true}', contextCustomizers = set[org.springframework.boot.test.autoconfigure.OverrideAutoConfigurationContextCustomizerFactory$DisableAutoConfigurationContextCustomizer@1259884f, org.springframework.boot.test.autoconfigure.actuate.metrics.MetricsExportContextCustomizerFactory$DisableMetricExportContextCustomizer@5e0dc4fc, org.springframework.boot.test.autoconfigure.filter.TypeExcludeFiltersContextCustomizer@37f58747, org.springframework.boot.test.autoconfigure.properties.PropertyMappingContextCustomizer@ce3a2911, org.springframework.boot.test.autoconfigure.web.servlet.WebDriverContextCustomizerFactory$Customizer@bd89d9d, [ImportsContextCustomizer@23bd85c1 key = [org.springframework.boot.autoconfigure.cache.CacheAutoConfiguration, org.springframework.boot.autoconfigure.context.MessageSourceAutoConfiguration, org.springframework.boot.autoconfigure.data.web.SpringDataWebAutoConfiguration, org.springframework.boot.autoconfigure.freemarker.FreeMarkerAutoConfiguration, org.springframework.boot.autoconfigure.groovy.template.GroovyTemplateAutoConfiguration, org.springframework.boot.autoconfigure.gson.GsonAutoConfiguration, org.springframework.boot.autoconfigure.hateoas.HypermediaAutoConfiguration, org.springframework.boot.autoconfigure.http.HttpMessageConvertersAutoConfiguration, org.springframework.boot.autoconfigure.jackson.JacksonAutoConfiguration, org.springframework.boot.autoconfigure.jsonb.JsonbAutoConfiguration, org.springframework.boot.autoconfigure.mustache.MustacheAutoConfiguration, org.springframework.boot.autoconfigure.task.TaskExecutionAutoConfiguration, org.springframework.boot.autoconfigure.thymeleaf.ThymeleafAutoConfiguration, org.springframework.boot.autoconfigure.validation.ValidationAutoConfiguration, org.springframework.boot.autoconfigure.web.servlet.error.ErrorMvcAutoConfiguration, org.springframework.boot.autoconfigure.web.servlet.HttpEncodingAutoConfiguration, org.springframework.boot.autoconfigure.web.servlet.WebMvcAutoConfiguration, org.springframework.boot.test.autoconfigure.web.servlet.MockMvcAutoConfiguration, org.springframework.boot.test.autoconfigure.web.servlet.MockMvcWebClientAutoConfiguration, org.springframework.boot.test.autoconfigure.web.servlet.MockMvcWebDriverAutoConfiguration, org.springframework.boot.autoconfigure.security.oauth2.client.servlet.OAuth2ClientAutoConfiguration, org.springframework.boot.autoconfigure.security.oauth2.resource.servlet.OAuth2ResourceServerAutoConfiguration, org.springframework.boot.autoconfigure.security.servlet.SecurityAutoConfiguration, org.springframework.boot.autoconfigure.security.servlet.SecurityFilterAutoConfiguration, org.springframework.boot.autoconfigure.security.servlet.UserDetailsServiceAutoConfiguration, org.springframework.boot.test.autoconfigure.web.servlet.MockMvcSecurityConfiguration]], org.springframework.boot.test.context.filter.ExcludeFilterContextCustomizer@6f1bf7c2, org.springframework.boot.test.json.DuplicateJsonObjectContextCustomizerFactory$DuplicateJsonObjectContextCustomizer@79f3f3fb, org.springframework.boot.test.mock.mockito.MockitoContextCustomizer@330ffd12, org.springframework.boot.test.context.SpringBootTestArgs@1, org.springframework.boot.test.context.SpringBootTestWebEnvironment@0], resourceBasePath = 'src/main/webapp', contextLoader = 'org.springframework.boot.test.context.SpringBootContextLoader', parent = [null]], attributes = map[[empty]]], class annotated with @DirtiesContext [false] with mode [null].
18:23:21.440 [Test worker] DEBUG org.springframework.test.context.support.TestPropertySourceUtils - Adding inlined properties to environment: {spring.jmx.enabled=false, org.springframework.boot.test.autoconfigure.web.servlet.WebMvcTestContextBootstrapper=true}

  .   ____          _            __ _ _
 /\\ / ___'_ __ _ _(_)_ __  __ _ \ \ \ \
( ( )\___ | '_ | '_| | '_ \/ _` | \ \ \ \
 \\/  ___)| |_)| | | | | || (_| |  ) ) ) )
  '  |____| .__|_| |_|_| |_\__, | / / / /
 =========|_|==============|___/=/_/_/_/
 :: Spring Boot ::                (v2.4.5)

2021-06-29 18:23:22.354  INFO 5004 --- [    Test worker] PatientNoteControllerTests               : Starting PatientNoteControllerTests using Java 1.8.0_265 on DESKTOP-NQCJ011 with PID 5004 (started by adrie in C:\Users\adrie\Desktop\OC-Projet\Projet9_MediscreenNotes)
2021-06-29 18:23:22.356  INFO 5004 --- [    Test worker] PatientNoteControllerTests               : No active profile set, falling back to default profiles: default
2021-06-29 18:23:25.481  INFO 5004 --- [    Test worker] o.s.s.concurrent.ThreadPoolTaskExecutor  : Initializing ExecutorService 'applicationTaskExecutor'
2021-06-29 18:23:25.886  INFO 5004 --- [    Test worker] o.s.b.t.m.w.SpringBootMockServletContext : Initializing Spring TestDispatcherServlet ''
2021-06-29 18:23:25.886  INFO 5004 --- [    Test worker] o.s.t.web.servlet.TestDispatcherServlet  : Initializing Servlet ''
2021-06-29 18:23:25.889  INFO 5004 --- [    Test worker] o.s.t.web.servlet.TestDispatcherServlet  : Completed initialization in 2 ms
2021-06-29 18:23:26.280  INFO 5004 --- [    Test worker] PatientNoteControllerTests               : Started PatientNoteControllerTests in 4.827 seconds (JVM running for 6.722)

MockHttpServletRequest:
      HTTP Method = GET
      Request URI = /api/getPatientNoteByUuid/3fa85f64-5717-4562-b3fc-2c963f66afa6
       Parameters = {}
          Headers = []
             Body = null
    Session Attrs = {}

Handler:
             Type = com.abernathyclinic.mediscreennotes.controller.PatientNoteController
           Method = com.abernathyclinic.mediscreennotes.controller.PatientNoteController#getPatientNoteByUuid(UUID)

Async:
    Async started = false
     Async result = null

Resolved Exception:
             Type = null

ModelAndView:
        View name = null
             View = null
            Model = null

FlashMap:
       Attributes = null

MockHttpServletResponse:
           Status = 200
    Error message = null
          Headers = [Content-Type:"application/json"]
     Content type = application/json
             Body = [{"id":null,"uuid":"3fa85f64-5717-4562-b3fc-2c963f66afa6","notes":"notes"}]
    Forwarded URL = null
   Redirected URL = null
          Cookies = []

MockHttpServletRequest:
      HTTP Method = GET
      Request URI = /api/getAll
       Parameters = {}
          Headers = []
             Body = null
    Session Attrs = {}

Handler:
             Type = com.abernathyclinic.mediscreennotes.controller.PatientNoteController
           Method = com.abernathyclinic.mediscreennotes.controller.PatientNoteController#getAllPatientNotes()

Async:
    Async started = false
     Async result = null

Resolved Exception:
             Type = null

ModelAndView:
        View name = null
             View = null
            Model = null

FlashMap:
       Attributes = null

MockHttpServletResponse:
           Status = 200
    Error message = null
          Headers = [Content-Type:"application/json"]
     Content type = application/json
             Body = []
    Forwarded URL = null
   Redirected URL = null
          Cookies = []

MockHttpServletRequest:
      HTTP Method = GET
      Request URI = /api/getPatientNoteByUuid/3fa85f64-5717-4562-b3fc-2c963f66afa5
       Parameters = {}
          Headers = []
             Body = null
    Session Attrs = {}

Handler:
             Type = com.abernathyclinic.mediscreennotes.controller.PatientNoteController
           Method = com.abernathyclinic.mediscreennotes.controller.PatientNoteController#getPatientNoteByUuid(UUID)

Async:
    Async started = false
     Async result = null

Resolved Exception:
             Type = com.abernathyclinic.mediscreennotes.Exception.PatientNoteNotFoundException

ModelAndView:
        View name = null
             View = null
            Model = null

FlashMap:
       Attributes = null

MockHttpServletResponse:
           Status = 404
    Error message = null
          Headers = []
     Content type = null
             Body = 
    Forwarded URL = null
   Redirected URL = null
          Cookies = []

MockHttpServletRequest:
      HTTP Method = PUT
      Request URI = /api/editPatientNote/id
       Parameters = {}
          Headers = [Content-Type:"application/json;charset=UTF-8", Content-Length:"64"]
             Body = {"uuid": "3fa85f64-5717-4562-b3fc-2c963f66afa6","notes":"notes"}
    Session Attrs = {}

Handler:
             Type = com.abernathyclinic.mediscreennotes.controller.PatientNoteController
           Method = com.abernathyclinic.mediscreennotes.controller.PatientNoteController#editPatientNote(String, PatientNote)

Async:
    Async started = false
     Async result = null

Resolved Exception:
             Type = com.abernathyclinic.mediscreennotes.Exception.PatientNoteNotFoundException

ModelAndView:
        View name = null
             View = null
            Model = null

FlashMap:
       Attributes = null

MockHttpServletResponse:
           Status = 404
    Error message = null
          Headers = []
     Content type = null
             Body = 
    Forwarded URL = null
   Redirected URL = null
          Cookies = []

MockHttpServletRequest:
      HTTP Method = POST
      Request URI = /api/addPatientNote
       Parameters = {}
          Headers = [Content-Type:"application/json;charset=UTF-8", Content-Length:"64"]
             Body = {"uuid": "3fa85f64-5717-4562-b3fc-2c963f66afa6","notes":"notes"}
    Session Attrs = {}

Handler:
             Type = com.abernathyclinic.mediscreennotes.controller.PatientNoteController
           Method = com.abernathyclinic.mediscreennotes.controller.PatientNoteController#addPatientNote(PatientNote)

Async:
    Async started = false
     Async result = null

Resolved Exception:
             Type = null

ModelAndView:
        View name = null
             View = null
            Model = null

FlashMap:
       Attributes = null

MockHttpServletResponse:
           Status = 200
    Error message = null
          Headers = [Content-Type:"text/plain;charset=UTF-8", Content-Length:"21"]
     Content type = text/plain;charset=UTF-8
             Body = Patient's notes saved
    Forwarded URL = null
   Redirected URL = null
          Cookies = []

MockHttpServletRequest:
      HTTP Method = PUT
      Request URI = /api/editPatientNote/id
       Parameters = {}
          Headers = [Content-Type:"application/json;charset=UTF-8", Content-Length:"64"]
             Body = {"uuid": "3fa85f64-5717-4562-b3fc-2c963f66afa6","notes":"notes"}
    Session Attrs = {}

Handler:
             Type = com.abernathyclinic.mediscreennotes.controller.PatientNoteController
           Method = com.abernathyclinic.mediscreennotes.controller.PatientNoteController#editPatientNote(String, PatientNote)

Async:
    Async started = false
     Async result = null

Resolved Exception:
             Type = null

ModelAndView:
        View name = null
             View = null
            Model = null

FlashMap:
       Attributes = null

MockHttpServletResponse:
           Status = 200
    Error message = null
          Headers = [Content-Type:"text/plain;charset=UTF-8", Content-Length:"23"]
     Content type = text/plain;charset=UTF-8
             Body = Patient's notes updated
    Forwarded URL = null
   Redirected URL = null
          Cookies = []
]]></system-out>
  <system-err><![CDATA[]]></system-err>
</testsuite>
