<?xml version="1.0" encoding="UTF-8"?>
<testsuite name="PatientNoteRepositoryTests" tests="1" skipped="0" failures="0" errors="0" timestamp="2021-07-12T14:06:41" hostname="DESKTOP-NQCJ011" time="0.297">
  <properties/>
  <testcase name="should_save_a_patient_note()" classname="PatientNoteRepositoryTests" time="0.297"/>
  <system-out><![CDATA[2021-07-12 16:06:40.516  INFO 11904 --- [    Test worker] o.s.t.c.support.AbstractContextLoader    : Could not detect default resource locations for test class [PatientNoteRepositoryTests]: no resource found for suffixes {-context.xml, Context.groovy}.
2021-07-12 16:06:40.520  INFO 11904 --- [    Test worker] t.a.d.m.DataMongoTestContextBootstrapper : Loaded default TestExecutionListener class names from location [META-INF/spring.factories]: [org.springframework.boot.test.autoconfigure.restdocs.RestDocsTestExecutionListener, org.springframework.boot.test.autoconfigure.web.client.MockRestServiceServerResetTestExecutionListener, org.springframework.boot.test.autoconfigure.web.servlet.MockMvcPrintOnlyOnFailureTestExecutionListener, org.springframework.boot.test.autoconfigure.web.servlet.WebDriverTestExecutionListener, org.springframework.boot.test.autoconfigure.webservices.client.MockWebServiceServerTestExecutionListener, org.springframework.boot.test.mock.mockito.MockitoTestExecutionListener, org.springframework.boot.test.mock.mockito.ResetMocksTestExecutionListener, org.springframework.test.context.web.ServletTestExecutionListener, org.springframework.test.context.support.DirtiesContextBeforeModesTestExecutionListener, org.springframework.test.context.event.ApplicationEventsTestExecutionListener, org.springframework.test.context.support.DependencyInjectionTestExecutionListener, org.springframework.test.context.support.DirtiesContextTestExecutionListener, org.springframework.test.context.transaction.TransactionalTestExecutionListener, org.springframework.test.context.jdbc.SqlScriptsTestExecutionListener, org.springframework.test.context.event.EventPublishingTestExecutionListener]
2021-07-12 16:06:40.521  INFO 11904 --- [    Test worker] t.a.d.m.DataMongoTestContextBootstrapper : Using TestExecutionListeners: [org.springframework.test.context.web.ServletTestExecutionListener@7521da32, org.springframework.test.context.support.DirtiesContextBeforeModesTestExecutionListener@13833c86, org.springframework.test.context.event.ApplicationEventsTestExecutionListener@26698205, org.springframework.boot.test.mock.mockito.MockitoTestExecutionListener@72e12c14, org.springframework.boot.test.autoconfigure.SpringBootDependencyInjectionTestExecutionListener@9ea8830, org.springframework.test.context.support.DirtiesContextTestExecutionListener@307e287, org.springframework.test.context.transaction.TransactionalTestExecutionListener@69942148, org.springframework.test.context.jdbc.SqlScriptsTestExecutionListener@12ee21e2, org.springframework.test.context.event.EventPublishingTestExecutionListener@4f189087, org.springframework.boot.test.autoconfigure.restdocs.RestDocsTestExecutionListener@73b74039, org.springframework.boot.test.autoconfigure.web.client.MockRestServiceServerResetTestExecutionListener@3be1b166, org.springframework.boot.test.autoconfigure.web.servlet.MockMvcPrintOnlyOnFailureTestExecutionListener@58e376c9, org.springframework.boot.test.autoconfigure.web.servlet.WebDriverTestExecutionListener@537449fa, org.springframework.boot.test.autoconfigure.webservices.client.MockWebServiceServerTestExecutionListener@1a0b7d25, org.springframework.boot.test.mock.mockito.ResetMocksTestExecutionListener@2cd78583]

  .   ____          _            __ _ _
 /\\ / ___'_ __ _ _(_)_ __  __ _ \ \ \ \
( ( )\___ | '_ | '_| | '_ \/ _` | \ \ \ \
 \\/  ___)| |_)| | | | | || (_| |  ) ) ) )
  '  |____| .__|_| |_|_| |_\__, | / / / /
 =========|_|==============|___/=/_/_/_/
 :: Spring Boot ::                (v2.4.5)

2021-07-12 16:06:40.569  INFO 11904 --- [    Test worker] PatientNoteRepositoryTests               : Starting PatientNoteRepositoryTests using Java 1.8.0_265 on DESKTOP-NQCJ011 with PID 11904 (started by adrie in C:\Users\adrie\Desktop\OC-Projet\Projet9_MediscreenNotes)
2021-07-12 16:06:40.570  INFO 11904 --- [    Test worker] PatientNoteRepositoryTests               : No active profile set, falling back to default profiles: default
2021-07-12 16:06:40.921  INFO 11904 --- [    Test worker] .s.d.r.c.RepositoryConfigurationDelegate : Bootstrapping Spring Data MongoDB repositories in DEFAULT mode.
2021-07-12 16:06:40.982  INFO 11904 --- [    Test worker] .s.d.r.c.RepositoryConfigurationDelegate : Finished Spring Data repository scanning in 55 ms. Found 1 MongoDB repository interfaces.
2021-07-12 16:06:41.471  INFO 11904 --- [    Test worker] org.mongodb.driver.cluster               : Cluster created with settings {hosts=[localhost:27017], mode=SINGLE, requiredClusterType=UNKNOWN, serverSelectionTimeout='30000 ms'}
2021-07-12 16:06:41.582  INFO 11904 --- [localhost:27017] org.mongodb.driver.connection            : Opened connection [connectionId{localValue:1, serverValue:38}] to localhost:27017
2021-07-12 16:06:41.582  INFO 11904 --- [localhost:27017] org.mongodb.driver.connection            : Opened connection [connectionId{localValue:2, serverValue:37}] to localhost:27017
2021-07-12 16:06:41.583  INFO 11904 --- [localhost:27017] org.mongodb.driver.cluster               : Monitor thread successfully connected to server with description ServerDescription{address=localhost:27017, type=STANDALONE, state=CONNECTED, ok=true, minWireVersion=0, maxWireVersion=9, maxDocumentSize=16777216, logicalSessionTimeoutMinutes=30, roundTripTimeNanos=39694700}
2021-07-12 16:06:41.988  INFO 11904 --- [    Test worker] PatientNoteRepositoryTests               : Started PatientNoteRepositoryTests in 1.464 seconds (JVM running for 8.65)
2021-07-12 16:06:42.201  INFO 11904 --- [    Test worker] org.mongodb.driver.connection            : Opened connection [connectionId{localValue:3, serverValue:39}] to localhost:27017
]]></system-out>
  <system-err><![CDATA[]]></system-err>
</testsuite>
