<?xml version="1.0" encoding="UTF-8"?>
<testsuite name="webController.HomeWebControllerTests" tests="1" skipped="0" failures="0" errors="0" timestamp="2021-07-12T14:06:43" hostname="DESKTOP-NQCJ011" time="0.018">
  <properties/>
  <testcase name="homeTest()" classname="webController.HomeWebControllerTests" time="0.018"/>
  <system-out><![CDATA[2021-07-12 16:06:42.295  INFO 11904 --- [    Test worker] o.s.t.c.support.AbstractContextLoader    : Could not detect default resource locations for test class [webController.HomeWebControllerTests]: no resource found for suffixes {-context.xml, Context.groovy}.
2021-07-12 16:06:42.298  INFO 11904 --- [    Test worker] .b.t.a.w.s.WebMvcTestContextBootstrapper : Loaded default TestExecutionListener class names from location [META-INF/spring.factories]: [org.springframework.boot.test.autoconfigure.restdocs.RestDocsTestExecutionListener, org.springframework.boot.test.autoconfigure.web.client.MockRestServiceServerResetTestExecutionListener, org.springframework.boot.test.autoconfigure.web.servlet.MockMvcPrintOnlyOnFailureTestExecutionListener, org.springframework.boot.test.autoconfigure.web.servlet.WebDriverTestExecutionListener, org.springframework.boot.test.autoconfigure.webservices.client.MockWebServiceServerTestExecutionListener, org.springframework.boot.test.mock.mockito.MockitoTestExecutionListener, org.springframework.boot.test.mock.mockito.ResetMocksTestExecutionListener, org.springframework.test.context.web.ServletTestExecutionListener, org.springframework.test.context.support.DirtiesContextBeforeModesTestExecutionListener, org.springframework.test.context.event.ApplicationEventsTestExecutionListener, org.springframework.test.context.support.DependencyInjectionTestExecutionListener, org.springframework.test.context.support.DirtiesContextTestExecutionListener, org.springframework.test.context.transaction.TransactionalTestExecutionListener, org.springframework.test.context.jdbc.SqlScriptsTestExecutionListener, org.springframework.test.context.event.EventPublishingTestExecutionListener]
2021-07-12 16:06:42.299  INFO 11904 --- [    Test worker] .b.t.a.w.s.WebMvcTestContextBootstrapper : Using TestExecutionListeners: [org.springframework.test.context.web.ServletTestExecutionListener@6ada7223, org.springframework.test.context.support.DirtiesContextBeforeModesTestExecutionListener@3459ec20, org.springframework.test.context.event.ApplicationEventsTestExecutionListener@6a3a4673, org.springframework.boot.test.mock.mockito.MockitoTestExecutionListener@dfdf8c, org.springframework.boot.test.autoconfigure.SpringBootDependencyInjectionTestExecutionListener@392dfede, org.springframework.test.context.support.DirtiesContextTestExecutionListener@426e3d37, org.springframework.test.context.transaction.TransactionalTestExecutionListener@7adff2d7, org.springframework.test.context.jdbc.SqlScriptsTestExecutionListener@40261bf, org.springframework.test.context.event.EventPublishingTestExecutionListener@520fa4ef, org.springframework.boot.test.autoconfigure.restdocs.RestDocsTestExecutionListener@613bac1c, org.springframework.boot.test.autoconfigure.web.client.MockRestServiceServerResetTestExecutionListener@64f7b3a6, org.springframework.boot.test.autoconfigure.web.servlet.MockMvcPrintOnlyOnFailureTestExecutionListener@736f291e, org.springframework.boot.test.autoconfigure.web.servlet.WebDriverTestExecutionListener@5c68c340, org.springframework.boot.test.autoconfigure.webservices.client.MockWebServiceServerTestExecutionListener@600fcf9d, org.springframework.boot.test.mock.mockito.ResetMocksTestExecutionListener@39bc3ab9]

  .   ____          _            __ _ _
 /\\ / ___'_ __ _ _(_)_ __  __ _ \ \ \ \
( ( )\___ | '_ | '_| | '_ \/ _` | \ \ \ \
 \\/  ___)| |_)| | | | | || (_| |  ) ) ) )
  '  |____| .__|_| |_|_| |_\__, | / / / /
 =========|_|==============|___/=/_/_/_/
 :: Spring Boot ::                (v2.4.5)

2021-07-12 16:06:42.330  INFO 11904 --- [    Test worker] webController.HomeWebControllerTests     : Starting HomeWebControllerTests using Java 1.8.0_265 on DESKTOP-NQCJ011 with PID 11904 (started by adrie in C:\Users\adrie\Desktop\OC-Projet\Projet9_MediscreenNotes)
2021-07-12 16:06:42.331  INFO 11904 --- [    Test worker] webController.HomeWebControllerTests     : No active profile set, falling back to default profiles: default
2021-07-12 16:06:43.173  INFO 11904 --- [    Test worker] o.s.s.concurrent.ThreadPoolTaskExecutor  : Initializing ExecutorService 'applicationTaskExecutor'
2021-07-12 16:06:43.351  INFO 11904 --- [    Test worker] o.s.b.t.m.w.SpringBootMockServletContext : Initializing Spring TestDispatcherServlet ''
2021-07-12 16:06:43.352  INFO 11904 --- [    Test worker] o.s.t.web.servlet.TestDispatcherServlet  : Initializing Servlet ''
2021-07-12 16:06:43.353  INFO 11904 --- [    Test worker] o.s.t.web.servlet.TestDispatcherServlet  : Completed initialization in 1 ms
2021-07-12 16:06:43.388  INFO 11904 --- [    Test worker] webController.HomeWebControllerTests     : Started HomeWebControllerTests in 1.086 seconds (JVM running for 10.051)
]]></system-out>
  <system-err><![CDATA[]]></system-err>
</testsuite>
